2024-11-01 07:13:41,280 - Real-State-ML - INFO - Prediction made with model 'housing-prices-model': [21995.67222774] (main.py:294)
2024-11-01 07:35:39,363 - Real-State-ML - INFO - Training job being added to the queue... (main.py:49)
2024-11-01 07:35:39,373 - Real-State-ML - INFO - Training job enqueued with ID: c5ebfd6d-6683-424d-bbf1-20251f46f1ad (main.py:51)
2024-11-01 07:35:40,994 - Real-State-ML - INFO - Received training request (training.py:33)
2024-11-01 07:35:41,584 - Real-State-ML - INFO - Fitting model... (training.py:69)
2024-11-01 07:35:42,818 - Real-State-ML - INFO - Logged metrics: MSE=10401.084089893788, MAE=5945.267783721343, MAPE=0.7480626347357109 (training.py:86)
2024-11-01 07:35:47,982 - Real-State-ML - INFO - Best model fetched with Run ID: 5b7c467caa584e6fa5806924830db9f2, mse: 10206.411215914155 (main.py:114)
2024-11-01 07:35:51,420 - Real-State-ML - INFO - Logging model... (training.py:92)
2024-11-01 07:35:54,580 - Real-State-ML - INFO - Model and metrics logged successfully for run ID: 0f3a8c2a4e2e4ba2b8495485c21d6564 (training.py:99)
2024-11-01 07:35:56,950 - Real-State-ML - INFO - Best model registered with Run ID: 5b7c467caa584e6fa5806924830db9f2, model name: housing-prices-model (main.py:169)
2024-11-01 07:36:03,952 - Real-State-ML - INFO - Prediction made with model 'housing-prices-model': [21995.67222774] (main.py:201)
2024-11-01 07:36:07,516 - Real-State-ML - INFO - Prediction made with model 'housing-prices-model': [21995.67222774] (main.py:201)
2024-11-01 07:38:19,167 - Real-State-ML - WARNING - Invalid attempt to access API key: apikey_ - [UNAUTHORIZED] (validator.py:97)
2024-11-01 07:48:18,748 - Real-State-ML - INFO - Training job being added to the queue... (main.py:45)
2024-11-01 07:48:18,759 - Real-State-ML - INFO - Training job enqueued with ID: 128c8f61-0d36-42cb-842e-f61d37a1859c (main.py:47)
2024-11-01 07:48:20,055 - Real-State-ML - INFO - Training started for experiment: housing-prices (training.py:38)
2024-11-01 07:48:21,831 - Real-State-ML - INFO - Logged metrics: MSE=10401.084089893788, MAE=5945.267783721343, MAPE=0.7480626347357109 (training.py:85)
2024-11-01 07:48:31,573 - Real-State-ML - INFO - Model and metrics logged successfully for run ID: b52b9cbafbb14ee7b12975b1934c2b65 (training.py:97)
2024-11-01 07:48:31,635 - Real-State-ML - INFO - Training completed for experiment: housing-prices (training.py:107)
2024-11-01 07:48:36,548 - Real-State-ML - INFO - Best model fetched with Run ID: 5b7c467caa584e6fa5806924830db9f2, mse: 10206.411215914155 (main.py:111)
2024-11-01 07:48:43,549 - Real-State-ML - INFO - Best model registered with Run ID: 5b7c467caa584e6fa5806924830db9f2, model name: housing-prices-model (main.py:165)
2024-11-01 07:48:47,627 - Real-State-ML - WARNING - Invalid attempt to access API key: apikey_ - [UNAUTHORIZED] (validator.py:97)
2024-11-01 07:48:57,115 - Real-State-ML - INFO - Prediction completed with model 'housing-prices-model': [21995.67222774] (main.py:197)
2024-11-01 07:49:04,620 - Real-State-ML - INFO - Prediction completed with model 'housing-prices-model': [21995.67222774] (main.py:197)
2024-11-01 07:49:13,705 - Real-State-ML - INFO - Prediction completed with model 'housing-prices-model': [21995.67222774] (main.py:197)
2024-11-01 07:49:27,993 - Real-State-ML - INFO - Prediction completed with model 'housing-prices-model': [21995.67222774] (main.py:197)
2024-11-01 07:49:44,251 - Real-State-ML - INFO - Prediction completed with model 'housing-prices-model': [21995.67222774] (main.py:197)
2024-11-01 07:51:21,803 - Real-State-ML - INFO - Prediction completed with model 'housing-prices-model': [21995.67222774] (main.py:197)
2024-11-01 07:51:53,336 - Real-State-ML - INFO - Prediction completed with model 'housing-prices-model': [21995.67222774] (main.py:197)
2024-11-01 07:53:00,524 - Real-State-ML - INFO - Prediction completed with model 'housing-prices-model': [13099.72666702] (main.py:197)
2024-11-01 07:54:53,931 - Real-State-ML - INFO - Prediction completed with model 'housing-prices-model': [13099.72666702] (main.py:197)
2024-11-01 07:54:59,034 - Real-State-ML - INFO - Training job being added to the queue... (main.py:45)
2024-11-01 07:54:59,046 - Real-State-ML - INFO - Training job enqueued with ID: 5835fb4a-89bb-4fc7-9c60-18159aafd389 (main.py:47)
2024-11-01 07:55:00,732 - Real-State-ML - INFO - Training started for experiment: housing-prices (training.py:38)
2024-11-01 07:55:02,309 - Real-State-ML - INFO - Logged metrics: MSE=10401.084089893788, MAE=5945.267783721343, MAPE=0.7480626347357109 (training.py:85)
2024-11-01 07:55:11,785 - Real-State-ML - INFO - Model and metrics logged successfully for run ID: 611dab59a7c24594bbb72b94c7e7c490 (training.py:97)
2024-11-01 07:55:11,825 - Real-State-ML - INFO - Training completed for experiment: housing-prices (training.py:107)
2024-11-01 08:05:05,938 - Real-State-ML - INFO - Training job being added to the queue... (main.py:45)
2024-11-01 08:05:05,947 - Real-State-ML - INFO - Training job enqueued with ID: 80f696b9-7127-4ec3-bcee-06766f76a02a (main.py:47)
